Determining if the os_signpost_interval_begin exist failed with the following output:
Change Dir: C:/Users/Tom/projects/llvm-project/clang/out/build/x64-Debug/CMakeFiles/CMakeTmp

Run Build Command(s):C:/Program Files/Microsoft Visual Studio/2022/Community/Common7/IDE/CommonExtensions/Microsoft/CMake/Ninja/ninja.exe cmTC_b8ae6 && [1/2] Building C object CMakeFiles\cmTC_b8ae6.dir\CheckSymbolExists.c.obj
FAILED: CMakeFiles/cmTC_b8ae6.dir/CheckSymbolExists.c.obj 
C:\PROGRA~1\MIB055~1\2022\COMMUN~1\VC\Tools\MSVC\1430~1.307\bin\Hostx64\x86\cl.exe  /nologo   /DWIN32 /D_WINDOWS /Zc:inline /Zc:strictStrings /Oi /W4 -wd4141 -wd4146 -wd4244 -wd4267 -wd4291 -wd4351 -wd4456 -wd4457 -wd4458 -wd4459 -wd4503 -wd4624 -wd4722 -wd4100 -wd4127 -wd4512 -wd4505 -wd4610 -wd4510 -wd4702 -wd4245 -wd4706 -wd4310 -wd4701 -wd4703 -wd4389 -wd4611 -wd4805 -wd4204 -wd4577 -wd4091 -wd4592 -wd4319 -wd4709 -wd4324 -w14062 -we4238  /MDd /Zi /Ob0 /Od /RTC1 /showIncludes /FoCMakeFiles\cmTC_b8ae6.dir\CheckSymbolExists.c.obj /FdCMakeFiles\cmTC_b8ae6.dir\ /FS -c C:\Users\Tom\projects\llvm-project\clang\out\build\x64-Debug\CMakeFiles\CMakeTmp\CheckSymbolExists.c
C:\Users\Tom\projects\llvm-project\clang\out\build\x64-Debug\CMakeFiles\CMakeTmp\CheckSymbolExists.c(2): fatal error C1083: Cannot open include file: 'os/signpost.h': No such file or directory
ninja: build stopped: subcommand failed.


File C:/Users/Tom/projects/llvm-project/clang/out/build/x64-Debug/CMakeFiles/CMakeTmp/CheckSymbolExists.c:
/* */
#include <os/signpost.h>

int main(int argc, char** argv)
{
  (void)argv;
#ifndef os_signpost_interval_begin
  return ((int*)(&os_signpost_interval_begin))[argc];
#else
  (void)argc;
  return 0;
#endif
}
Determining if the include file sys/resource.h exists failed with the following output:
Change Dir: C:/Users/Tom/projects/llvm-project/clang/out/build/x64-Debug/CMakeFiles/CMakeTmp

Run Build Command(s):C:/Program Files/Microsoft Visual Studio/2022/Community/Common7/IDE/CommonExtensions/Microsoft/CMake/Ninja/ninja.exe cmTC_40d23 && [1/2] Building C object CMakeFiles\cmTC_40d23.dir\CheckIncludeFile.c.obj
FAILED: CMakeFiles/cmTC_40d23.dir/CheckIncludeFile.c.obj 
C:\PROGRA~1\MIB055~1\2022\COMMUN~1\VC\Tools\MSVC\1430~1.307\bin\Hostx64\x86\cl.exe  /nologo   /DWIN32 /D_WINDOWS /Zc:inline /Zc:strictStrings /Oi /W4 -wd4141 -wd4146 -wd4244 -wd4267 -wd4291 -wd4351 -wd4456 -wd4457 -wd4458 -wd4459 -wd4503 -wd4624 -wd4722 -wd4100 -wd4127 -wd4512 -wd4505 -wd4610 -wd4510 -wd4702 -wd4245 -wd4706 -wd4310 -wd4701 -wd4703 -wd4389 -wd4611 -wd4805 -wd4204 -wd4577 -wd4091 -wd4592 -wd4319 -wd4709 -wd4324 -w14062 -we4238  /MDd /Zi /Ob0 /Od /RTC1 /showIncludes /FoCMakeFiles\cmTC_40d23.dir\CheckIncludeFile.c.obj /FdCMakeFiles\cmTC_40d23.dir\ /FS -c C:\Users\Tom\projects\llvm-project\clang\out\build\x64-Debug\CMakeFiles\CMakeTmp\CheckIncludeFile.c
C:\Users\Tom\projects\llvm-project\clang\out\build\x64-Debug\CMakeFiles\CMakeTmp\CheckIncludeFile.c(1): fatal error C1083: Cannot open include file: 'sys/resource.h': No such file or directory
ninja: build stopped: subcommand failed.



